<?xml version="1.0" encoding="UTF-8"?>
<!-- Generated by org.testng.reporters.JUnitReportReporter -->
<testsuite hostname="DESKTOP-M1HHMDP" name="Annotation" tests="1" failures="0" timestamp="21 Aug 2019 05:36:03 GMT" time="2.595" errors="0">
  <testcase name="logic" time="2.595" classname="Annotation"/>
</testsuite> <!-- Annotation -->
