<?xml version="1.0" encoding="UTF-8"?>
<!-- Generated by org.testng.reporters.JUnitReportReporter -->
<testsuite skipped="1" hostname="DESKTOP-M1HHMDP" name="A" tests="8" failures="0" timestamp="20 Aug 2019 11:10:20 GMT" time="0.025" errors="0">
  <testcase name="tc1" time="0.016" classname="A"/>
  <testcase name="tc2" time="0.002" classname="A"/>
  <testcase name="tc3" time="0.000" classname="A"/>
  <testcase name="tc3" time="0.002" classname="A"/>
  <testcase name="tc3" time="0.002" classname="A"/>
  <testcase name="tc3" time="0.002" classname="A"/>
  <testcase name="tc3" time="0.001" classname="A"/>
  <testcase name="tc4" classname="A">
    <skipped/>
  </testcase> <!-- tc4 -->
</testsuite> <!-- A -->
