<?xml version="1.0" encoding="UTF-8"?>
<!-- Generated by org.testng.reporters.JUnitReportReporter -->
<testsuite hostname="DESKTOP-M1HHMDP" name="org.india.TestNG2.B" tests="3" failures="0" timestamp="20 Aug 2019 18:19:44 GMT" time="0.038" errors="0">
  <testcase name="tc4" time="0.001" classname="org.india.TestNG2.B"/>
  <testcase name="tc4" time="0.036" classname="org.india.TestNG2.B"/>
  <testcase name="tc4" time="0.001" classname="org.india.TestNG2.B"/>
</testsuite> <!-- org.india.TestNG2.B -->
