<?xml version="1.0" encoding="UTF-8"?>
<!-- Generated by org.testng.reporters.JUnitReportReporter -->
<testsuite hostname="DESKTOP-M1HHMDP" name="org.india.TestngSuiteLevelExecution.A" tests="4" failures="0" timestamp="21 Aug 2019 03:57:17 GMT" time="0.076" errors="0">
  <testcase name="tc2" time="0.000" classname="org.india.TestngSuiteLevelExecution.A"/>
  <testcase name="tc4" time="0.004" classname="org.india.TestngSuiteLevelExecution.A"/>
  <testcase name="tc3" time="0.004" classname="org.india.TestngSuiteLevelExecution.A"/>
  <testcase name="tc1" time="0.068" classname="org.india.TestngSuiteLevelExecution.A"/>
</testsuite> <!-- org.india.TestngSuiteLevelExecution.A -->
